SF:lib\src\auth\data\models\local_user_model.dart
DA:5,1
DA:18,1
DA:21,2
DA:22,1
DA:23,1
DA:24,1
DA:25,2
DA:26,2
DA:27,1
DA:28,1
DA:29,1
DA:30,1
DA:32,1
DA:39,1
DA:40,1
DA:41,1
DA:42,1
DA:44,2
DA:48,1
DA:49,0
DA:56,1
DA:68,1
DA:69,1
DA:70,1
DA:71,1
DA:72,1
DA:73,1
DA:74,0
DA:75,1
DA:76,1
DA:77,1
DA:78,1
DA:82,2
DA:83,1
DA:84,1
DA:85,1
DA:86,1
DA:87,1
DA:88,1
DA:89,1
DA:90,1
DA:91,1
DA:92,1
LF:43
LH:41
end_of_record
SF:lib\src\auth\domain\entities\local_user.dart
DA:4,12
DA:17,1
DA:39,1
DA:40,3
DA:42,0
DA:43,0
DA:44,0
LF:7
LH:4
end_of_record
SF:lib\core\errors\exceptions.dart
DA:4,0
DA:9,0
DA:10,0
DA:14,2
DA:19,0
DA:20,0
LF:6
LH:1
end_of_record
SF:lib\core\errors\failure.dart
DA:5,3
DA:7,6
DA:8,0
DA:14,4
DA:16,2
DA:17,6
DA:21,0
DA:23,0
DA:24,0
DA:28,1
DA:35,2
DA:37,1
DA:38,3
LF:13
LH:9
end_of_record
SF:lib\src\auth\domain\repositories\auth_repo.dart
DA:6,0
LF:1
LH:0
end_of_record
SF:lib\src\auth\domain\usecases\forgot_password.dart
DA:6,1
DA:10,1
DA:11,2
LF:3
LH:3
end_of_record
SF:lib\core\usecases\usecases.dart
DA:4,4
DA:10,1
LF:2
LH:2
end_of_record
SF:lib\src\auth\domain\usecases\sign_in.dart
DA:8,1
DA:12,1
DA:14,4
DA:18,1
DA:23,1
DA:28,0
DA:29,0
LF:7
LH:5
end_of_record
SF:lib\src\auth\domain\usecases\sign_up.dart
DA:7,1
DA:11,1
DA:12,2
DA:13,1
DA:14,1
DA:15,1
DA:20,1
DA:26,1
DA:33,0
DA:34,0
LF:10
LH:8
end_of_record
SF:lib\src\auth\domain\usecases\update_user.dart
DA:8,1
DA:12,1
DA:13,2
DA:14,1
DA:15,1
DA:20,1
DA:25,1
DA:33,0
DA:34,0
LF:9
LH:7
end_of_record
SF:lib\src\on_boarding\data\datasources\on_boarding_local_datasource_impl.dart
DA:8,1
DA:12,1
DA:15,2
DA:16,1
DA:17,2
DA:21,1
DA:24,2
DA:25,1
DA:26,2
LF:9
LH:9
end_of_record
SF:lib\src\on_boarding\data\datasources\on_boarding_local_datasource.dart
DA:2,0
LF:1
LH:0
end_of_record
SF:lib\src\on_boarding\data\repositories\on_boarding_repository_impl.dart
DA:10,1
DA:14,1
DA:17,2
DA:19,1
DA:20,2
DA:24,1
DA:27,2
DA:28,1
DA:29,1
DA:30,2
LF:10
LH:10
end_of_record
SF:lib\src\on_boarding\domain\usecases\cache_first_timer.dart
DA:6,1
DA:10,1
DA:11,2
LF:3
LH:3
end_of_record
SF:lib\src\on_boarding\domain\usecases\check_if_user_is_first_timer.dart
DA:6,1
DA:10,1
DA:11,2
LF:3
LH:3
end_of_record
SF:lib\src\on_boarding\presentation\cubits\cubit\on_boarding_state.dart
DA:4,3
DA:6,1
DA:7,1
DA:11,1
DA:15,2
DA:19,2
DA:23,2
DA:27,3
DA:31,1
DA:32,2
DA:36,1
DA:40,1
DA:41,2
LF:13
LH:13
end_of_record
SF:lib\src\on_boarding\presentation\cubits\cubit\on_boarding_cubit.dart
DA:9,1
DA:14,1
DA:19,1
DA:20,1
DA:22,2
DA:24,1
DA:25,4
DA:26,2
DA:30,1
DA:31,1
DA:33,2
DA:35,1
DA:36,2
DA:39,2
DA:40,1
LF:15
LH:15
end_of_record
