SF:lib\src\auth\data\models\local_user_model.dart
DA:5,2
DA:18,2
DA:19,0
DA:21,4
DA:22,4
DA:23,4
DA:24,4
DA:25,4
DA:26,4
DA:27,4
DA:28,4
DA:29,4
DA:30,4
DA:32,2
DA:39,2
DA:40,2
DA:41,2
DA:42,2
DA:44,2
DA:48,3
DA:49,0
DA:56,2
DA:68,2
DA:69,1
DA:70,2
DA:71,2
DA:72,2
DA:73,2
DA:74,1
DA:75,2
DA:76,2
DA:77,2
DA:78,2
DA:82,4
DA:83,2
DA:84,2
DA:85,2
DA:86,2
DA:87,2
DA:88,2
DA:89,2
DA:90,2
DA:91,2
DA:92,2
LF:44
LH:42
end_of_record
SF:lib\src\auth\domain\entities\local_user.dart
DA:4,23
DA:17,1
DA:39,1
DA:40,1
DA:41,1
DA:42,1
DA:43,1
DA:44,1
DA:45,1
DA:46,1
DA:47,2
DA:48,2
DA:49,2
DA:50,2
DA:53,1
DA:54,4
DA:55,2
LF:17
LH:17
end_of_record
SF:lib\core\errors\exceptions.dart
DA:14,2
DA:19,0
DA:20,0
DA:24,22
DA:29,0
DA:30,0
LF:6
LH:2
end_of_record
SF:lib\core\errors\failure.dart
DA:5,6
DA:7,15
DA:8,0
DA:14,12
DA:16,3
DA:17,9
DA:28,4
DA:30,1
DA:31,3
DA:35,2
DA:37,1
DA:38,3
LF:12
LH:11
end_of_record
SF:lib\src\auth\data\datasources\auth_remote_datasource_impl.dart
DA:16,1
DA:28,1
DA:31,2
DA:32,1
DA:33,1
DA:34,1
DA:35,1
DA:40,1
DA:46,2
DA:51,1
DA:58,3
DA:60,3
DA:62,0
DA:64,0
DA:66,0
DA:67,1
DA:68,1
DA:69,1
DA:70,1
DA:72,1
DA:75,0
DA:76,0
DA:77,0
DA:83,1
DA:90,2
DA:95,2
DA:96,2
DA:98,3
DA:99,1
DA:100,1
DA:101,1
DA:102,1
DA:105,0
DA:106,0
DA:107,0
DA:113,1
DA:120,1
DA:121,3
DA:130,1
DA:132,3
DA:133,1
DA:134,3
DA:135,1
DA:139,2
DA:140,2
DA:141,1
DA:142,3
DA:143,2
DA:144,1
DA:145,2
DA:146,1
DA:149,1
DA:150,1
DA:151,5
DA:152,1
DA:154,1
DA:156,3
DA:157,2
DA:158,1
DA:159,3
DA:160,2
DA:162,1
DA:163,1
DA:164,1
DA:165,1
DA:168,0
DA:169,0
DA:170,0
DA:176,1
DA:177,4
DA:180,1
DA:181,5
DA:182,1
DA:183,1
DA:184,1
DA:186,1
DA:187,1
DA:191,1
DA:192,1
DA:193,1
DA:194,4
DA:195,1
LF:82
LH:70
end_of_record
SF:lib\src\auth\domain\usecases\forgot_password.dart
DA:6,1
DA:10,1
DA:11,2
LF:3
LH:3
end_of_record
SF:lib\core\usecases\usecases.dart
DA:4,5
DA:10,2
LF:2
LH:2
end_of_record
SF:lib\src\course\domain\entities\course.dart
DA:4,5
DA:18,1
DA:19,1
DA:26,1
DA:27,1
DA:31,3
DA:32,6
LF:7
LH:7
end_of_record
SF:lib\src\course\domain\repositories\course_repo.dart
DA:5,0
LF:1
LH:0
end_of_record
SF:lib\src\course\domain\usecases\add_course.dart
DA:7,1
DA:11,1
DA:13,2
LF:3
LH:3
end_of_record
SF:lib\src\course\domain\usecases\get_courses.dart
DA:7,1
DA:11,1
DA:13,2
LF:3
LH:3
end_of_record
SF:lib\src\course\presentation\cubit\course_state.dart
DA:4,16
DA:6,1
DA:7,1
DA:11,15
DA:15,15
DA:19,15
DA:23,15
DA:27,1
DA:31,1
DA:32,2
DA:36,1
DA:40,1
DA:41,2
LF:13
LH:13
end_of_record
SF:lib\src\course\presentation\cubit\course_cubit.dart
DA:10,1
DA:15,1
DA:20,1
DA:21,1
DA:22,2
DA:23,1
DA:24,4
DA:25,2
DA:29,1
DA:30,1
DA:31,2
DA:32,1
DA:33,4
DA:34,3
LF:14
LH:14
end_of_record
SF:lib\src\auth\domain\usecases\sign_in.dart
DA:8,1
DA:12,1
DA:14,4
DA:18,3
DA:23,2
DA:28,1
DA:29,3
LF:7
LH:7
end_of_record
SF:lib\src\auth\domain\usecases\sign_up.dart
DA:7,1
DA:11,1
DA:12,2
DA:13,1
DA:14,1
DA:15,1
DA:20,3
DA:26,2
DA:33,1
DA:34,4
LF:10
LH:10
end_of_record
SF:lib\src\auth\domain\usecases\update_user.dart
DA:8,1
DA:12,1
DA:13,2
DA:14,1
DA:15,1
DA:20,3
DA:25,2
DA:33,1
DA:34,3
LF:9
LH:9
end_of_record
SF:lib\src\auth\presentation\bloc\auth_state.dart
DA:4,3
DA:6,1
DA:7,1
DA:11,2
DA:15,2
DA:19,2
DA:23,1
DA:24,2
DA:28,2
DA:32,2
DA:36,2
DA:40,1
DA:44,1
DA:45,2
LF:14
LH:14
end_of_record
SF:lib\src\auth\presentation\bloc\auth_event.dart
DA:4,2
DA:6,0
DA:7,0
DA:11,1
DA:15,0
DA:16,0
DA:20,1
DA:25,0
DA:26,0
DA:30,1
DA:40,0
DA:41,0
DA:45,1
DA:53,0
DA:54,0
LF:15
LH:5
end_of_record
SF:lib\src\auth\presentation\bloc\auth_bloc.dart
DA:14,1
DA:23,1
DA:24,2
DA:25,1
DA:27,2
DA:28,2
DA:29,2
DA:30,2
DA:38,1
DA:42,2
DA:43,1
DA:44,1
DA:45,1
DA:49,1
DA:50,2
DA:51,2
DA:53,2
DA:54,1
DA:59,1
DA:63,2
DA:64,1
DA:65,1
DA:66,1
DA:67,1
DA:71,1
DA:72,2
DA:73,2
DA:75,2
DA:81,1
DA:85,2
DA:86,1
DA:89,1
DA:90,2
DA:91,2
DA:93,2
DA:99,1
DA:103,2
DA:104,1
DA:105,1
DA:106,1
DA:110,1
DA:111,4
DA:112,2
LF:43
LH:43
end_of_record
SF:lib\src\course\data\models\course_model.dart
DA:6,4
DA:20,2
DA:21,2
DA:22,2
DA:23,2
DA:24,2
DA:25,4
DA:26,4
DA:27,4
DA:28,2
DA:29,4
DA:30,4
DA:31,2
DA:35,8
DA:42,4
DA:43,4
DA:48,2
DA:61,2
DA:62,2
DA:63,1
DA:64,2
DA:65,2
DA:66,2
DA:67,2
DA:68,2
DA:69,2
DA:70,2
DA:71,2
DA:72,2
DA:76,2
DA:77,2
DA:78,2
DA:79,2
DA:80,2
DA:81,2
DA:82,2
DA:83,2
DA:84,2
DA:85,2
DA:86,2
DA:87,2
LF:41
LH:41
end_of_record
SF:lib\src\course\data\datasources\course_remote_datasource.dart
DA:5,0
LF:1
LH:0
end_of_record
SF:lib\src\course\data\repositories\course_repository_impl.dart
DA:10,1
DA:14,1
DA:17,2
DA:19,1
DA:20,2
DA:24,1
DA:27,2
DA:28,1
DA:29,1
DA:30,2
LF:10
LH:10
end_of_record
SF:lib\core\common\app\providers\tab_navigator.dart
DA:6,0
DA:7,0
DA:14,0
DA:16,0
DA:18,0
DA:19,0
DA:20,0
DA:23,0
DA:24,0
DA:25,0
DA:28,0
DA:29,0
DA:30,0
DA:31,0
DA:32,0
DA:35,0
DA:36,0
DA:37,0
DA:40,0
DA:41,0
DA:42,0
DA:43,0
DA:45,0
DA:48,0
DA:49,0
DA:50,0
DA:51,0
DA:52,0
DA:57,0
DA:62,0
DA:63,0
LF:31
LH:0
end_of_record
SF:lib\core\common\app\providers\user_provider.dart
DA:7,0
DA:9,0
DA:10,0
DA:13,0
DA:14,0
DA:15,0
DA:16,0
LF:7
LH:0
end_of_record
SF:lib\core\extensions\context_extension.dart
DA:8,0
DA:10,0
DA:12,0
DA:14,0
DA:16,0
DA:18,0
DA:20,0
DA:22,0
LF:8
LH:0
end_of_record
SF:lib\src\chat\data\models\group_model.dart
DA:6,1
DA:17,0
DA:18,0
DA:22,0
DA:26,0
DA:29,0
DA:30,0
DA:31,0
DA:32,0
DA:33,0
DA:34,0
DA:35,0
DA:36,0
DA:37,0
DA:39,0
DA:42,2
DA:43,1
DA:44,1
DA:45,1
DA:46,1
DA:47,1
DA:48,1
DA:49,1
DA:50,1
DA:53,0
DA:63,0
DA:64,0
DA:65,0
DA:66,0
DA:67,0
DA:68,0
DA:69,0
DA:71,0
DA:72,0
LF:34
LH:10
end_of_record
SF:lib\src\chat\domain\entities\group.dart
DA:4,3
DA:15,0
DA:24,0
DA:25,0
LF:4
LH:1
end_of_record
SF:lib\src\course\data\datasources\course_remote_datasource_impl.dart
DA:15,1
DA:27,1
DA:30,2
DA:39,3
DA:40,3
DA:42,1
DA:43,1
DA:44,1
DA:47,1
DA:48,0
DA:49,0
DA:52,0
DA:53,0
DA:54,0
DA:58,2
DA:60,1
DA:61,1
DA:62,1
DA:63,1
DA:65,1
DA:68,2
DA:69,0
DA:70,0
DA:71,0
DA:72,0
DA:74,0
DA:77,0
DA:81,1
DA:84,2
DA:93,5
DA:94,3
DA:95,2
DA:96,1
DA:98,0
DA:99,0
DA:100,0
DA:101,0
DA:103,0
DA:106,0
LF:39
LH:22
end_of_record
SF:lib\src\on_boarding\data\datasources\on_boarding_local_datasource_impl.dart
DA:8,1
DA:12,1
DA:15,2
DA:16,1
DA:17,2
DA:21,1
DA:24,2
DA:25,1
DA:26,2
LF:9
LH:9
end_of_record
SF:lib\src\on_boarding\data\datasources\on_boarding_local_datasource.dart
DA:2,0
LF:1
LH:0
end_of_record
SF:lib\src\on_boarding\data\repositories\on_boarding_repository_impl.dart
DA:10,1
DA:14,1
DA:17,2
DA:19,1
DA:20,2
DA:24,1
DA:27,2
DA:28,1
DA:29,1
DA:30,2
LF:10
LH:10
end_of_record
SF:lib\src\on_boarding\domain\usecases\cache_first_timer.dart
DA:6,1
DA:10,1
DA:11,2
LF:3
LH:3
end_of_record
SF:lib\src\on_boarding\domain\usecases\check_if_user_is_first_timer.dart
DA:6,1
DA:10,1
DA:11,2
LF:3
LH:3
end_of_record
SF:lib\src\on_boarding\presentation\cubits\cubit\on_boarding_state.dart
DA:4,3
DA:6,1
DA:7,1
DA:11,1
DA:15,2
DA:19,2
DA:23,2
DA:27,3
DA:31,1
DA:32,2
DA:36,1
DA:40,1
DA:41,2
LF:13
LH:13
end_of_record
SF:lib\src\on_boarding\presentation\cubits\cubit\on_boarding_cubit.dart
DA:9,1
DA:14,1
DA:19,1
DA:20,1
DA:22,2
DA:24,1
DA:25,4
DA:26,2
DA:30,1
DA:31,1
DA:33,2
DA:35,1
DA:36,2
DA:39,2
DA:40,1
LF:15
LH:15
end_of_record
